<?xml version="1.0" encoding="UTF-8"?>
<testng-results ignored="0" total="1" passed="1" failed="0" skipped="0">
  <reporter-output>
  </reporter-output>
  <suite started-at="2024-11-14T21:07:36 IST" name="Suite" finished-at="2024-11-14T21:07:47 IST" duration-ms="10929">
    <groups>
    </groups>
    <test started-at="2024-11-14T21:07:36 IST" name="Test" finished-at="2024-11-14T21:07:47 IST" duration-ms="10929">
      <class name="test_package.amazomHomeTest">
        <test-method is-config="true" signature="beforeTest()[pri:0, instance:test_package.amazomHomeTest@459e9125]" started-at="2024-11-14T21:07:37 IST" name="beforeTest" finished-at="2024-11-14T21:07:43 IST" duration-ms="6630" status="PASS">
          <reporter-output>
          </reporter-output>
        </test-method> <!-- beforeTest -->
        <test-method signature="verifyTheSearchInputField()[pri:0, instance:test_package.amazomHomeTest@459e9125]" started-at="2024-11-14T21:07:43 IST" name="verifyTheSearchInputField" finished-at="2024-11-14T21:07:47 IST" duration-ms="4178" status="PASS">
          <reporter-output>
          </reporter-output>
        </test-method> <!-- verifyTheSearchInputField -->
      </class> <!-- test_package.amazomHomeTest -->
    </test> <!-- Test -->
  </suite> <!-- Suite -->
</testng-results>
