<?xml version="1.0" encoding="UTF-8"?>
<testng-results ignored="0" total="1" passed="1" failed="0" skipped="0">
  <reporter-output>
  </reporter-output>
  <suite started-at="2024-11-17T12:44:12 IST" name="Suite" finished-at="2024-11-17T12:44:26 IST" duration-ms="13239">
    <groups>
    </groups>
    <test started-at="2024-11-17T12:44:12 IST" name="Test" finished-at="2024-11-17T12:44:26 IST" duration-ms="13239">
      <class name="test_package.amazomHomeTest">
        <test-method is-config="true" signature="beforeTest()[pri:0, instance:test_package.amazomHomeTest@1d119efb]" started-at="2024-11-17T12:44:12 IST" name="beforeTest" finished-at="2024-11-17T12:44:20 IST" duration-ms="7669" status="PASS">
          <reporter-output>
          </reporter-output>
        </test-method> <!-- beforeTest -->
        <test-method signature="verifyTheSearchInputField()[pri:0, instance:test_package.amazomHomeTest@1d119efb]" started-at="2024-11-17T12:44:20 IST" name="verifyTheSearchInputField" finished-at="2024-11-17T12:44:26 IST" duration-ms="5458" status="PASS">
          <reporter-output>
          </reporter-output>
        </test-method> <!-- verifyTheSearchInputField -->
      </class> <!-- test_package.amazomHomeTest -->
    </test> <!-- Test -->
  </suite> <!-- Suite -->
</testng-results>
